{"numFailedTestSuites":4,"numFailedTests":0,"numPassedTestSuites":1,"numPassedTests":1,"numPendingTestSuites":0,"numPendingTests":0,"numRuntimeErrorTestSuites":4,"numTodoTests":0,"numTotalTestSuites":5,"numTotalTests":1,"openHandles":[],"snapshot":{"added":0,"didUpdate":false,"failure":false,"filesAdded":0,"filesRemoved":0,"filesRemovedList":[],"filesUnmatched":0,"filesUpdated":0,"matched":0,"total":0,"unchecked":0,"uncheckedKeysByFile":[],"unmatched":0,"updated":0},"startTime":1776871650999,"success":false,"testResults":[{"assertionResults":[],"coverage":{},"endTime":1776871652730,"message":"  \u001b[1m● \u001b[22mTest suite failed to run\n\n    Cannot find module './user.service' from 'user/user.service.spec.ts'\n\n    \u001b[0m \u001b[90m 1 |\u001b[39m \u001b[36mimport\u001b[39m { \u001b[33mTest\u001b[39m\u001b[33m,\u001b[39m \u001b[33mTestingModule\u001b[39m } \u001b[36mfrom\u001b[39m \u001b[32m'@nestjs/testing'\u001b[39m\u001b[33m;\u001b[39m\n    \u001b[31m\u001b[1m>\u001b[22m\u001b[39m\u001b[90m 2 |\u001b[39m \u001b[36mimport\u001b[39m { \u001b[33mUserService\u001b[39m } \u001b[36mfrom\u001b[39m \u001b[32m'./user.service'\u001b[39m\u001b[33m;\u001b[39m\n     \u001b[90m   |\u001b[39m \u001b[31m\u001b[1m^\u001b[22m\u001b[39m\n     \u001b[90m 3 |\u001b[39m \u001b[36mimport\u001b[39m { \u001b[33mRepository\u001b[39m } \u001b[36mfrom\u001b[39m \u001b[32m'typeorm'\u001b[39m\u001b[33m;\u001b[39m\n     \u001b[90m 4 |\u001b[39m \u001b[36mimport\u001b[39m { \u001b[33mUser\u001b[39m } \u001b[36mfrom\u001b[39m \u001b[32m'./entities/user.entity'\u001b[39m\u001b[33m;\u001b[39m\n     \u001b[90m 5 |\u001b[39m \u001b[36mimport\u001b[39m { getRepositoryToken } \u001b[36mfrom\u001b[39m \u001b[32m'@nestjs/typeorm'\u001b[39m\u001b[33m;\u001b[39m\u001b[0m\n\n      \u001b[2mat Resolver._throwModNotFoundError (\u001b[22m../node_modules/jest-resolve/build/index.js\u001b[2m:863:11)\u001b[22m\n      \u001b[2mat Object.<anonymous> (\u001b[22m\u001b[0m\u001b[36muser/user.service.spec.ts\u001b[39m\u001b[0m\u001b[2m:2:1)\u001b[22m\n","name":"/home/nicolas/Escritorio/taller_individual_nest/src/user/user.service.spec.ts","startTime":1776871652730,"status":"failed","summary":""},{"assertionResults":[],"coverage":{},"endTime":1776871652730,"message":"  \u001b[1m● \u001b[22mTest suite failed to run\n\n    Cannot find module './book.controller' from 'book/book.controller.spec.ts'\n\n    \u001b[0m \u001b[90m 1 |\u001b[39m \u001b[36mimport\u001b[39m { \u001b[33mTest\u001b[39m\u001b[33m,\u001b[39m \u001b[33mTestingModule\u001b[39m } \u001b[36mfrom\u001b[39m \u001b[32m'@nestjs/testing'\u001b[39m\u001b[33m;\u001b[39m\n    \u001b[31m\u001b[1m>\u001b[22m\u001b[39m\u001b[90m 2 |\u001b[39m \u001b[36mimport\u001b[39m { \u001b[33mBookController\u001b[39m } \u001b[36mfrom\u001b[39m \u001b[32m'./book.controller'\u001b[39m\u001b[33m;\u001b[39m\n     \u001b[90m   |\u001b[39m \u001b[31m\u001b[1m^\u001b[22m\u001b[39m\n     \u001b[90m 3 |\u001b[39m \u001b[36mimport\u001b[39m { \u001b[33mBookService\u001b[39m } \u001b[36mfrom\u001b[39m \u001b[32m'./book.service'\u001b[39m\u001b[33m;\u001b[39m\n     \u001b[90m 4 |\u001b[39m \u001b[36mimport\u001b[39m { \u001b[33mCreateBookDto\u001b[39m } \u001b[36mfrom\u001b[39m \u001b[32m'./dto/create-book.dto'\u001b[39m\u001b[33m;\u001b[39m\n     \u001b[90m 5 |\u001b[39m \u001b[36mimport\u001b[39m { \u001b[33mUpdateBookDto\u001b[39m } \u001b[36mfrom\u001b[39m \u001b[32m'./dto/update-book.dto'\u001b[39m\u001b[33m;\u001b[39m\u001b[0m\n\n      \u001b[2mat Resolver._throwModNotFoundError (\u001b[22m../node_modules/jest-resolve/build/index.js\u001b[2m:863:11)\u001b[22m\n      \u001b[2mat Object.<anonymous> (\u001b[22m\u001b[0m\u001b[36mbook/book.controller.spec.ts\u001b[39m\u001b[0m\u001b[2m:2:1)\u001b[22m\n","name":"/home/nicolas/Escritorio/taller_individual_nest/src/book/book.controller.spec.ts","startTime":1776871652730,"status":"failed","summary":""},{"assertionResults":[],"coverage":{},"endTime":1776871652730,"message":"  \u001b[1m● \u001b[22mTest suite failed to run\n\n    Cannot find module './book.service' from 'book/book.service.spec.ts'\n\n    \u001b[0m \u001b[90m 1 |\u001b[39m \u001b[36mimport\u001b[39m { \u001b[33mTest\u001b[39m\u001b[33m,\u001b[39m \u001b[33mTestingModule\u001b[39m } \u001b[36mfrom\u001b[39m \u001b[32m'@nestjs/testing'\u001b[39m\u001b[33m;\u001b[39m\n    \u001b[31m\u001b[1m>\u001b[22m\u001b[39m\u001b[90m 2 |\u001b[39m \u001b[36mimport\u001b[39m { \u001b[33mBookService\u001b[39m } \u001b[36mfrom\u001b[39m \u001b[32m'./book.service'\u001b[39m\u001b[33m;\u001b[39m\n     \u001b[90m   |\u001b[39m \u001b[31m\u001b[1m^\u001b[22m\u001b[39m\n     \u001b[90m 3 |\u001b[39m \u001b[36mimport\u001b[39m { getRepositoryToken } \u001b[36mfrom\u001b[39m \u001b[32m'@nestjs/typeorm'\u001b[39m\u001b[33m;\u001b[39m\n     \u001b[90m 4 |\u001b[39m \u001b[36mimport\u001b[39m { \u001b[33mRepository\u001b[39m } \u001b[36mfrom\u001b[39m \u001b[32m'typeorm'\u001b[39m\u001b[33m;\u001b[39m\n     \u001b[90m 5 |\u001b[39m \u001b[36mimport\u001b[39m { \u001b[33mBook\u001b[39m } \u001b[36mfrom\u001b[39m \u001b[32m'./entities/book.entity'\u001b[39m\u001b[33m;\u001b[39m\u001b[0m\n\n      \u001b[2mat Resolver._throwModNotFoundError (\u001b[22m../node_modules/jest-resolve/build/index.js\u001b[2m:863:11)\u001b[22m\n      \u001b[2mat Object.<anonymous> (\u001b[22m\u001b[0m\u001b[36mbook/book.service.spec.ts\u001b[39m\u001b[0m\u001b[2m:2:1)\u001b[22m\n","name":"/home/nicolas/Escritorio/taller_individual_nest/src/book/book.service.spec.ts","startTime":1776871652730,"status":"failed","summary":""},{"assertionResults":[{"ancestorTitles":["AppController","root"],"duration":13,"failing":false,"failureDetails":[],"failureMessages":[],"fullName":"AppController root should return \"Hello World!\"","invocations":1,"location":null,"numPassingAsserts":1,"retryReasons":[],"startAt":1776871652590,"status":"passed","title":"should return \"Hello World!\""}],"endTime":1776871652605,"message":"","name":"/home/nicolas/Escritorio/taller_individual_nest/src/app.controller.spec.ts","startTime":1776871651813,"status":"passed","summary":""},{"assertionResults":[],"coverage":{},"endTime":1776871652730,"message":"  \u001b[1m● \u001b[22mTest suite failed to run\n\n    Cannot find module './user.controller' from 'user/user.controller.spec.ts'\n\n    \u001b[0m \u001b[90m 1 |\u001b[39m \u001b[36mimport\u001b[39m { \u001b[33mTest\u001b[39m\u001b[33m,\u001b[39m \u001b[33mTestingModule\u001b[39m } \u001b[36mfrom\u001b[39m \u001b[32m'@nestjs/testing'\u001b[39m\u001b[33m;\u001b[39m\n    \u001b[31m\u001b[1m>\u001b[22m\u001b[39m\u001b[90m 2 |\u001b[39m \u001b[36mimport\u001b[39m { \u001b[33mUserController\u001b[39m } \u001b[36mfrom\u001b[39m \u001b[32m'./user.controller'\u001b[39m\u001b[33m;\u001b[39m\n     \u001b[90m   |\u001b[39m \u001b[31m\u001b[1m^\u001b[22m\u001b[39m\n     \u001b[90m 3 |\u001b[39m \u001b[36mimport\u001b[39m { \u001b[33mUserService\u001b[39m } \u001b[36mfrom\u001b[39m \u001b[32m'./user.service'\u001b[39m\u001b[33m;\u001b[39m\n     \u001b[90m 4 |\u001b[39m \u001b[36mimport\u001b[39m { \u001b[33mCreateUserDto\u001b[39m } \u001b[36mfrom\u001b[39m \u001b[32m'./dto/create-user.dto'\u001b[39m\u001b[33m;\u001b[39m\n     \u001b[90m 5 |\u001b[39m \u001b[36mimport\u001b[39m { \u001b[33mUpdateUserDto\u001b[39m } \u001b[36mfrom\u001b[39m \u001b[32m'./dto/update-user.dto'\u001b[39m\u001b[33m;\u001b[39m\u001b[0m\n\n      \u001b[2mat Resolver._throwModNotFoundError (\u001b[22m../node_modules/jest-resolve/build/index.js\u001b[2m:863:11)\u001b[22m\n      \u001b[2mat Object.<anonymous> (\u001b[22m\u001b[0m\u001b[36muser/user.controller.spec.ts\u001b[39m\u001b[0m\u001b[2m:2:1)\u001b[22m\n","name":"/home/nicolas/Escritorio/taller_individual_nest/src/user/user.controller.spec.ts","startTime":1776871652730,"status":"failed","summary":""}],"wasInterrupted":false}
